Arguments: 
  /Users/jonathan/.nvm/versions/node/v16.19.0/bin/node /Users/jonathan/.nvm/versions/node/v16.19.0/bin/yarn add @react-navigation/bottom-tabs

PATH: 
  /Users/jonathan/Library/pnpm:/Users/jonathan/.nvm/versions/node/v16.19.0/bin:/opt/homebrew/bin:/usr/local/bin:/usr/bin:/bin:/usr/sbin:/sbin:/Library/Apple/usr/bin:/Users/jonathan/Library/pnpm:/Users/jonathan/.nvm/versions/node/v16.19.0/bin:/opt/homebrew/bin:/Users/jonathan/.fig/bin:/Users/jonathan/.local/bin:/Users/jonathan/Library/Application Support/JetBrains/Toolbox/scripts:/Users/jonathan/Library/Android/sdk/emulator:/Users/jonathan/Library/Android/sdk/tools:/Users/jonathan/Library/Android/sdk/tools/bin:/Users/jonathan/Library/Android/sdk/platform-tools:/Users/jonathan/Library/Application Support/JetBrains/Toolbox/scripts:/Users/jonathan/Library/Android/sdk/emulator:/Users/jonathan/Library/Android/sdk/tools:/Users/jonathan/Library/Android/sdk/tools/bin:/Users/jonathan/Library/Android/sdk/platform-tools

Yarn version: 
  1.22.19

Node version: 
  16.19.0

Platform: 
  darwin arm64

Trace: 
  Error: ENOENT: no such file or directory, copyfile '/Users/jonathan/Library/Caches/Yarn/v6/npm-ms-2.1.2-d09d1f357b443f493382a8eb3ccd183872ae6009-integrity/node_modules/ms/package.json' -> '/Users/jonathan/Workspace/PersonalProjects/trackerApp/node_modules/@babel/core/node_modules/ms/package.json'

npm manifest: 
  {
    "name": "trackerapp",
    "version": "1.0.0",
    "main": "node_modules/expo/AppEntry.js",
    "scripts": {
      "start": "expo start",
      "android": "expo start --android",
      "ios": "expo start --ios",
      "web": "expo start --web",
      "whatchman": "watchman watch-del-all",
      "cache-clean": "npm cache clean --force"
    },
    "dependencies": {
      "@react-navigation/native": "^6.1.6",
      "@react-navigation/stack": "^6.3.16",
      "expo": "~48.0.15",
      "expo-status-bar": "~1.4.4",
      "react": "18.2.0",
      "react-native": "0.71.8",
      "react-native-paper": "^5.8.0",
      "react-native-safe-area-context": "4.5.0",
      "react-native-screens": "~3.20.0",
      "react-native-vector-icons": "^9.2.0"
    },
    "devDependencies": {
      "@babel/core": "^7.20.0",
      "@types/react": "~18.0.14",
      "typescript": "^4.9.4"
    },
    "private": true
  }

yarn manifest: 
  No manifest

Lockfile: 
  No lockfile
